{"level":"info","message":"OPTIONS /register","timestamp":"2024-01-21T05:34:25.761Z"}
{"level":"info","message":"POST /register","timestamp":"2024-01-21T05:34:25.779Z"}
{"level":"info","message":"POST /logout","timestamp":"2024-01-21T05:34:32.025Z"}
{"level":"info","message":"OPTIONS /login","timestamp":"2024-01-21T05:35:37.680Z"}
{"level":"info","message":"POST /login","timestamp":"2024-01-21T05:35:37.686Z"}
{"level":"info","message":"POST /logout","timestamp":"2024-01-21T05:42:56.142Z"}
{"level":"info","message":"OPTIONS /login","timestamp":"2024-01-21T05:49:23.654Z"}
{"level":"info","message":"POST /login","timestamp":"2024-01-21T05:49:23.671Z"}
{"level":"info","message":"OPTIONS /register","timestamp":"2024-01-21T05:51:29.678Z"}
{"level":"info","message":"POST /register","timestamp":"2024-01-21T05:51:29.686Z"}
{"level":"info","message":"POST /logout","timestamp":"2024-01-21T05:51:32.794Z"}
{"level":"info","message":"POST /logout","timestamp":"2024-01-21T05:52:52.973Z"}
{"level":"info","message":"Processing request on the root endpoint","timestamp":"2024-01-21T05:52:52.998Z"}
{"level":"info","message":"POST /logout","timestamp":"2024-01-21T05:54:35.243Z"}
{"level":"info","message":"POST /logout","timestamp":"2024-01-21T05:58:42.763Z"}
{"level":"info","message":"OPTIONS /login","timestamp":"2024-01-21T06:05:13.972Z"}
{"level":"info","message":"POST /login","timestamp":"2024-01-21T06:05:13.986Z"}
{"level":"info","message":"POST /logout","timestamp":"2024-01-21T06:05:27.680Z"}
{"level":"info","message":"OPTIONS /login","timestamp":"2024-01-21T07:12:49.013Z"}
{"level":"info","message":"POST /login","timestamp":"2024-01-21T07:12:49.039Z"}
{"level":"info","message":"OPTIONS /login","timestamp":"2024-01-21T07:13:05.815Z"}
{"level":"info","message":"POST /login","timestamp":"2024-01-21T07:13:05.832Z"}
{"level":"info","message":"OPTIONS /register","timestamp":"2024-01-21T07:14:21.179Z"}
{"level":"info","message":"POST /register","timestamp":"2024-01-21T07:14:21.186Z"}
{"level":"info","message":"POST /logout","timestamp":"2024-01-21T07:14:27.644Z"}
{"level":"info","message":"OPTIONS /login","timestamp":"2024-01-21T07:25:37.829Z"}
{"level":"info","message":"POST /login","timestamp":"2024-01-21T07:25:37.844Z"}
{"level":"info","message":"OPTIONS /login","timestamp":"2024-01-21T07:25:42.843Z"}
{"level":"info","message":"POST /login","timestamp":"2024-01-21T07:25:42.848Z"}
{"level":"info","message":"OPTIONS /login","timestamp":"2024-01-21T07:26:31.329Z"}
{"level":"info","message":"POST /login","timestamp":"2024-01-21T07:26:31.359Z"}
{"level":"info","message":"OPTIONS /login","timestamp":"2024-01-21T07:28:45.404Z"}
{"level":"info","message":"POST /login","timestamp":"2024-01-21T07:28:45.420Z"}
{"level":"info","message":"OPTIONS /login","timestamp":"2024-01-21T07:28:52.356Z"}
{"level":"info","message":"POST /login","timestamp":"2024-01-21T07:28:52.366Z"}
{"level":"info","message":"OPTIONS /login","timestamp":"2024-01-21T07:30:17.270Z"}
{"level":"info","message":"POST /login","timestamp":"2024-01-21T07:30:17.298Z"}
{"level":"info","message":"POST /logout","timestamp":"2024-01-21T07:30:35.085Z"}
{"level":"info","message":"POST /logout","timestamp":"2024-01-21T07:31:36.387Z"}
{"level":"info","message":"POST /logout","timestamp":"2024-01-21T07:32:39.072Z"}
{"level":"info","message":"OPTIONS /register","timestamp":"2024-01-21T07:33:28.641Z"}
{"level":"info","message":"POST /register","timestamp":"2024-01-21T07:33:28.652Z"}
{"level":"info","message":"OPTIONS /login","timestamp":"2024-01-21T07:34:08.243Z"}
{"level":"info","message":"POST /login","timestamp":"2024-01-21T07:34:08.251Z"}
{"level":"info","message":"OPTIONS /login","timestamp":"2024-01-21T07:44:21.474Z"}
{"level":"info","message":"POST /login","timestamp":"2024-01-21T07:44:21.510Z"}
{"level":"info","message":"OPTIONS /logout","timestamp":"2024-01-21T08:03:05.432Z"}
{"level":"info","message":"POST /logout","timestamp":"2024-01-21T08:03:05.444Z"}
{"level":"info","message":"OPTIONS /logout","timestamp":"2024-01-21T08:03:17.204Z"}
{"level":"info","message":"POST /logout","timestamp":"2024-01-21T08:03:17.208Z"}
{"level":"info","message":"OPTIONS /login","timestamp":"2024-01-21T08:03:37.222Z"}
{"level":"info","message":"POST /login","timestamp":"2024-01-21T08:03:37.225Z"}
{"level":"info","message":"OPTIONS /login","timestamp":"2024-01-21T08:03:43.038Z"}
{"level":"info","message":"POST /login","timestamp":"2024-01-21T08:03:43.048Z"}
{"level":"info","message":"OPTIONS /login","timestamp":"2024-01-21T08:03:58.144Z"}
{"level":"info","message":"POST /login","timestamp":"2024-01-21T08:03:58.148Z"}
{"level":"info","message":"OPTIONS /login","timestamp":"2024-01-22T06:39:35.446Z"}
{"level":"info","message":"POST /login","timestamp":"2024-01-22T06:39:35.465Z"}
{"level":"info","message":"OPTIONS /logout","timestamp":"2024-01-22T06:42:29.811Z"}
{"level":"info","message":"POST /logout","timestamp":"2024-01-22T06:42:29.846Z"}
{"level":"info","message":"OPTIONS /login","timestamp":"2024-01-22T06:45:22.678Z"}
{"level":"info","message":"POST /login","timestamp":"2024-01-22T06:45:22.685Z"}
{"level":"info","message":"OPTIONS /logout","timestamp":"2024-01-22T07:13:14.410Z"}
{"level":"info","message":"POST /logout","timestamp":"2024-01-22T07:13:14.440Z"}
{"level":"info","message":"OPTIONS /login","timestamp":"2024-01-22T07:13:26.891Z"}
{"level":"info","message":"POST /login","timestamp":"2024-01-22T07:13:26.898Z"}
{"level":"info","message":"OPTIONS /login","timestamp":"2024-01-22T07:51:11.620Z"}
{"level":"info","message":"POST /login","timestamp":"2024-01-22T07:51:11.711Z"}
{"level":"info","message":"OPTIONS /login","timestamp":"2024-01-22T07:51:21.330Z"}
{"level":"info","message":"POST /login","timestamp":"2024-01-22T07:51:21.339Z"}
{"level":"info","message":"OPTIONS /login","timestamp":"2024-01-22T08:26:07.434Z"}
{"level":"info","message":"POST /login","timestamp":"2024-01-22T08:26:07.476Z"}
{"level":"info","message":"OPTIONS /logout","timestamp":"2024-01-22T08:28:24.680Z"}
{"level":"info","message":"POST /logout","timestamp":"2024-01-22T08:28:24.709Z"}
{"level":"info","message":"OPTIONS /logout","timestamp":"2024-01-22T11:00:38.003Z"}
{"level":"info","message":"POST /logout","timestamp":"2024-01-22T11:00:38.021Z"}
{"level":"info","message":"OPTIONS /login","timestamp":"2024-01-23T06:10:25.705Z"}
{"level":"info","message":"POST /login","timestamp":"2024-01-23T06:10:25.725Z"}
{"level":"info","message":"OPTIONS /login","timestamp":"2024-01-23T06:11:09.858Z"}
{"level":"info","message":"POST /login","timestamp":"2024-01-23T06:11:09.876Z"}
{"level":"info","message":"OPTIONS /login","timestamp":"2024-01-23T06:13:48.642Z"}
{"level":"info","message":"POST /login","timestamp":"2024-01-23T06:13:48.648Z"}
{"level":"info","message":"OPTIONS /login","timestamp":"2024-01-23T06:17:35.047Z"}
{"level":"info","message":"POST /login","timestamp":"2024-01-23T06:17:35.066Z"}
{"level":"info","message":"OPTIONS /logout","timestamp":"2024-01-23T06:17:37.770Z"}
{"level":"info","message":"POST /logout","timestamp":"2024-01-23T06:17:37.778Z"}
{"level":"info","message":"OPTIONS /login","timestamp":"2024-01-23T06:18:33.184Z"}
{"level":"info","message":"POST /login","timestamp":"2024-01-23T06:18:33.199Z"}
{"level":"info","message":"OPTIONS /login","timestamp":"2024-01-23T06:21:18.688Z"}
{"level":"info","message":"POST /login","timestamp":"2024-01-23T06:21:18.712Z"}
{"level":"info","message":"OPTIONS /logout","timestamp":"2024-01-23T06:52:42.678Z"}
{"level":"info","message":"POST /logout","timestamp":"2024-01-23T06:52:42.688Z"}
{"level":"info","message":"OPTIONS /logout","timestamp":"2024-01-23T06:55:09.498Z"}
{"level":"info","message":"POST /logout","timestamp":"2024-01-23T06:55:09.504Z"}
{"level":"info","message":"OPTIONS /login","timestamp":"2024-01-23T07:03:21.099Z"}
{"level":"info","message":"POST /login","timestamp":"2024-01-23T07:03:21.108Z"}
{"level":"info","message":"OPTIONS /logout","timestamp":"2024-01-23T07:03:22.004Z"}
{"level":"info","message":"POST /logout","timestamp":"2024-01-23T07:03:22.014Z"}
{"level":"info","message":"OPTIONS /logout","timestamp":"2024-01-23T07:04:05.293Z"}
{"level":"info","message":"POST /logout","timestamp":"2024-01-23T07:04:05.309Z"}
{"level":"info","message":"OPTIONS /logout","timestamp":"2024-01-23T07:04:49.642Z"}
{"level":"info","message":"POST /logout","timestamp":"2024-01-23T07:04:49.666Z"}
{"level":"info","message":"OPTIONS /login","timestamp":"2024-01-23T07:05:37.911Z"}
{"level":"info","message":"POST /login","timestamp":"2024-01-23T07:05:37.921Z"}
{"level":"info","message":"OPTIONS /login","timestamp":"2024-01-23T07:07:20.005Z"}
{"level":"info","message":"POST /login","timestamp":"2024-01-23T07:07:20.011Z"}
{"level":"info","message":"OPTIONS /logout","timestamp":"2024-01-23T07:13:01.839Z"}
{"level":"info","message":"POST /logout","timestamp":"2024-01-23T07:13:01.845Z"}
{"level":"info","message":"OPTIONS /logout","timestamp":"2024-01-23T07:13:08.612Z"}
{"level":"info","message":"POST /logout","timestamp":"2024-01-23T07:13:08.620Z"}
{"level":"info","message":"OPTIONS /login","timestamp":"2024-01-23T07:13:22.571Z"}
{"level":"info","message":"POST /login","timestamp":"2024-01-23T07:13:22.577Z"}
{"level":"info","message":"OPTIONS /logout","timestamp":"2024-01-23T07:13:26.567Z"}
{"level":"info","message":"POST /logout","timestamp":"2024-01-23T07:13:26.574Z"}
{"level":"info","message":"OPTIONS /login","timestamp":"2024-01-23T07:14:16.630Z"}
{"level":"info","message":"POST /login","timestamp":"2024-01-23T07:14:16.637Z"}
{"level":"info","message":"OPTIONS /logout","timestamp":"2024-01-23T07:14:18.955Z"}
{"level":"info","message":"POST /logout","timestamp":"2024-01-23T07:14:18.961Z"}
{"level":"info","message":"OPTIONS /logout","timestamp":"2024-01-23T07:14:39.669Z"}
{"level":"info","message":"POST /logout","timestamp":"2024-01-23T07:14:39.677Z"}
{"level":"info","message":"OPTIONS /logout","timestamp":"2024-01-23T07:15:16.993Z"}
{"level":"info","message":"OPTIONS /logout","timestamp":"2024-01-23T07:15:17.006Z"}
{"level":"info","message":"POST /logout","timestamp":"2024-01-23T07:15:17.011Z"}
{"level":"info","message":"POST /logout","timestamp":"2024-01-23T07:15:17.448Z"}
{"level":"info","message":"OPTIONS /login","timestamp":"2024-01-23T07:15:47.300Z"}
{"level":"info","message":"POST /login","timestamp":"2024-01-23T07:15:47.307Z"}
{"level":"info","message":"OPTIONS /logout","timestamp":"2024-01-23T07:15:48.911Z"}
{"level":"info","message":"POST /logout","timestamp":"2024-01-23T07:15:48.918Z"}
{"level":"info","message":"OPTIONS /register","timestamp":"2024-01-23T07:24:00.302Z"}
{"level":"info","message":"POST /register","timestamp":"2024-01-23T07:24:00.310Z"}
{"level":"info","message":"OPTIONS /login","timestamp":"2024-01-23T15:10:07.078Z"}
{"level":"info","message":"POST /login","timestamp":"2024-01-23T15:10:07.094Z"}
{"level":"info","message":"OPTIONS /logout","timestamp":"2024-01-23T15:10:09.781Z"}
{"level":"info","message":"POST /logout","timestamp":"2024-01-23T15:10:09.786Z"}
{"level":"info","message":"OPTIONS /register","timestamp":"2024-01-23T15:51:25.505Z"}
{"level":"info","message":"POST /register","timestamp":"2024-01-23T15:51:25.519Z"}
{"level":"info","message":"OPTIONS /register","timestamp":"2024-01-23T16:05:54.299Z"}
{"level":"info","message":"POST /register","timestamp":"2024-01-23T16:05:54.316Z"}
{"level":"info","message":"OPTIONS /login","timestamp":"2024-01-23T16:49:14.040Z"}
{"level":"info","message":"POST /login","timestamp":"2024-01-23T16:49:14.055Z"}
{"level":"info","message":"OPTIONS /logout","timestamp":"2024-01-23T16:49:16.766Z"}
{"level":"info","message":"POST /logout","timestamp":"2024-01-23T16:49:16.776Z"}
{"level":"info","message":"OPTIONS /register","timestamp":"2024-01-24T05:12:25.141Z"}
{"level":"info","message":"POST /register","timestamp":"2024-01-24T05:12:25.157Z"}
{"level":"info","message":"OPTIONS /register","timestamp":"2024-01-24T05:30:47.974Z"}
{"level":"info","message":"POST /register","timestamp":"2024-01-24T05:30:47.983Z"}
{"level":"info","message":"OPTIONS /register","timestamp":"2024-01-24T05:33:43.987Z"}
{"level":"info","message":"POST /register","timestamp":"2024-01-24T05:33:44.005Z"}
{"level":"info","message":"OPTIONS /register","timestamp":"2024-01-24T06:00:12.778Z"}
{"level":"info","message":"POST /register","timestamp":"2024-01-24T06:00:12.790Z"}
{"level":"info","message":"POST /register","timestamp":"2024-01-24T06:00:13.715Z"}
{"level":"info","message":"POST /register","timestamp":"2024-01-24T06:00:13.844Z"}
{"level":"info","message":"OPTIONS /register","timestamp":"2024-01-24T06:05:41.496Z"}
{"level":"info","message":"POST /register","timestamp":"2024-01-24T06:05:41.500Z"}
{"level":"info","message":"OPTIONS /register","timestamp":"2024-01-24T06:12:28.210Z"}
{"level":"info","message":"POST /register","timestamp":"2024-01-24T06:12:28.218Z"}
{"level":"info","message":"OPTIONS /register","timestamp":"2024-01-24T06:13:05.449Z"}
{"level":"info","message":"POST /register","timestamp":"2024-01-24T06:13:05.457Z"}
{"level":"info","message":"OPTIONS /register","timestamp":"2024-01-24T06:14:10.517Z"}
{"level":"info","message":"POST /register","timestamp":"2024-01-24T06:14:10.527Z"}
{"level":"info","message":"OPTIONS /register","timestamp":"2024-01-24T06:15:02.311Z"}
{"level":"info","message":"POST /register","timestamp":"2024-01-24T06:15:02.320Z"}
{"level":"info","message":"OPTIONS /register","timestamp":"2024-01-24T06:16:06.781Z"}
{"level":"info","message":"POST /register","timestamp":"2024-01-24T06:16:06.791Z"}
{"level":"info","message":"OPTIONS /register","timestamp":"2024-01-24T06:18:33.865Z"}
{"level":"info","message":"POST /register","timestamp":"2024-01-24T06:18:33.870Z"}
{"level":"info","message":"OPTIONS /register","timestamp":"2024-01-24T06:20:20.996Z"}
{"level":"info","message":"POST /register","timestamp":"2024-01-24T06:20:21.004Z"}
{"level":"info","message":"OPTIONS /register","timestamp":"2024-01-24T06:20:21.651Z"}
{"level":"info","message":"POST /register","timestamp":"2024-01-24T06:20:21.656Z"}
{"level":"info","message":"OPTIONS /register","timestamp":"2024-01-24T06:20:21.811Z"}
{"level":"info","message":"POST /register","timestamp":"2024-01-24T06:20:21.817Z"}
{"level":"info","message":"OPTIONS /register","timestamp":"2024-01-24T06:20:22.042Z"}
{"level":"info","message":"POST /register","timestamp":"2024-01-24T06:20:22.049Z"}
{"level":"info","message":"OPTIONS /register","timestamp":"2024-01-24T06:21:27.404Z"}
{"level":"info","message":"POST /register","timestamp":"2024-01-24T06:21:27.413Z"}
{"level":"info","message":"OPTIONS /register","timestamp":"2024-01-24T06:26:51.213Z"}
{"level":"info","message":"POST /register","timestamp":"2024-01-24T06:26:51.223Z"}
{"level":"info","message":"GET /products","timestamp":"2024-01-24T07:19:07.968Z"}
{"level":"info","message":"GET /products","timestamp":"2024-01-24T07:19:57.492Z"}
